<?xml version="1.0" encoding="UTF-8"?>
<!-- Generated by org.testng.reporters.JUnitXMLReporter -->
<testsuite ignored="0" hostname="ULTS-LAP435" failures="0" tests="3" name="1" time="67.532" errors="0" timestamp="2023-04-14T19:04:09 IST">
  <testcase classname="com.ults.selenium.testcase.SROAcplDocRegTest" name="login" time="0.191"/>
  <testcase classname="com.ults.selenium.testcase.SROAcplDocRegTest" name="AcplDocRegWithDelay" time="60.35"/>
  <testcase classname="com.ults.selenium.testcase.SROAcplDocRegTest" name="logout" time="2.084"/>
</testsuite> <!-- 1 -->
