<?xml version="1.0" encoding="UTF-8"?>
<!-- Generated by org.testng.reporters.JUnitXMLReporter -->
<testsuite ignored="0" hostname="ULTS-LAP435" failures="0" tests="3" name="2" time="89.71" errors="0" timestamp="2023-04-14T19:05:39 IST">
  <testcase classname="com.ults.selenium.testcase.SROAcplFileCreationTest" name="login" time="0.198"/>
  <testcase classname="com.ults.selenium.testcase.SROAcplFileCreationTest" name="AcplFileCreation" time="83.805"/>
  <testcase classname="com.ults.selenium.testcase.SROAcplFileCreationTest" name="logout" time="2.121"/>
</testsuite> <!-- 2 -->
