<?xml version="1.0" encoding="UTF-8"?>
<!-- Generated by org.testng.reporters.JUnitXMLReporter -->
<testsuite ignored="0" hostname="ULTS-LAP435" failures="0" tests="3" name="3" time="63.37" errors="0" timestamp="2023-04-14T19:06:43 IST">
  <testcase classname="com.ults.selenium.testcase.SROAcplFileForwardToUsTest" name="login" time="0.21"/>
  <testcase classname="com.ults.selenium.testcase.SROAcplFileForwardToUsTest" name="AcplFileForward" time="56.626"/>
  <testcase classname="com.ults.selenium.testcase.SROAcplFileForwardToUsTest" name="logout" time="2.117"/>
</testsuite> <!-- 3 -->
