<?xml version="1.0" encoding="UTF-8"?>
<!-- Generated by org.testng.reporters.JUnitXMLReporter -->
<testsuite ignored="0" hostname="ULTS-LAP435" failures="0" tests="3" name="4" time="61.183" errors="0" timestamp="2023-04-14T19:07:44 IST">
  <testcase classname="com.ults.selenium.testcase.SROFileApprovalByUscplTest" name="login" time="0.239"/>
  <testcase classname="com.ults.selenium.testcase.SROFileApprovalByUscplTest" name="uscplFileApproval" time="53.941"/>
  <testcase classname="com.ults.selenium.testcase.SROFileApprovalByUscplTest" name="logout" time="2.085"/>
</testsuite> <!-- 4 -->
