<?xml version="1.0" encoding="UTF-8"?>
<!-- Generated by org.testng.reporters.JUnitXMLReporter -->
<testsuite ignored="0" hostname="LAPTOP-3U85U1MP" failures="0" tests="2" name="Default test" time="27.542" errors="0" timestamp="2025-07-26T20:40:01 IST">
  <testcase classname="com.xminds.selenium.testcase.LoginTest" name="testSuccessfulLogin" time="6.579"/>
  <testcase classname="com.xminds.selenium.testcase.LoginTest" name="testLoginWithBlankUsername" time="5.918"/>
</testsuite> <!-- Default test -->
