<?xml version="1.0" encoding="UTF-8"?>
<!-- Generated by org.testng.reporters.JUnitXMLReporter -->
<testsuite ignored="0" hostname="ULTS-LAP435" failures="0" tests="3" name="3" time="107.042" errors="0" timestamp="2023-04-12T16:23:16 IST">
  <testcase classname="com.ults.selenium.testcase.ReportAcplFileCreationTest" name="login" time="0.218"/>
  <testcase classname="com.ults.selenium.testcase.ReportAcplFileCreationTest" name="reportAcplFileCreation" time="99.848"/>
  <testcase classname="com.ults.selenium.testcase.ReportAcplFileCreationTest" name="logout" time="2.32"/>
</testsuite> <!-- 3 -->
