<?xml version="1.0" encoding="UTF-8"?>
<!-- Generated by org.testng.reporters.JUnitXMLReporter -->
<testsuite ignored="0" hostname="LAPTOP-3U85U1MP" failures="0" tests="8" name="Test" time="76.004" errors="0" timestamp="2025-04-24T15:26:59 IST">
  <testcase classname="com.xminds.selenium.testcase.LoginScenarioTest" name="TS001_TS008" time="0.234"/>
  <testcase classname="com.xminds.selenium.testcase.LoginScenarioTest" name="TS009_TS013" time="2.26"/>
  <testcase classname="com.xminds.selenium.testcase.LoginScenarioTest" name="TS14_TS018" time="3.484"/>
  <testcase classname="com.xminds.selenium.testcase.LoginScenarioTest" name="TS33_TS035" time="5.575"/>
  <testcase classname="com.xminds.selenium.testcase.SignUpPageTest" name="TS018_TS025" time="2.46"/>
  <testcase classname="com.xminds.selenium.testcase.ForgotPasswordTest" name="TS026_TS029" time="0.478"/>
  <testcase classname="com.xminds.selenium.testcase.ForgotPasswordTest" name="TS030_TS031" time="6.856"/>
  <testcase classname="com.xminds.selenium.testcase.ForgotPasswordTest" name="TS032" time="5.765"/>
</testsuite> <!-- Test -->
