<?xml version="1.0" encoding="UTF-8"?>
<!-- Generated by org.testng.reporters.JUnitXMLReporter -->
<testsuite ignored="0" hostname="ULTS-LAP435" failures="0" tests="3" name="1" time="92.996" errors="0" timestamp="2023-04-14T18:53:20 IST">
  <testcase classname="com.ults.selenium.testcase.OrdinanceAcplDocCreationTest" name="login" time="0.181"/>
  <testcase classname="com.ults.selenium.testcase.OrdinanceAcplDocCreationTest" name="AcplDocRegWithDelay" time="86.083"/>
  <testcase classname="com.ults.selenium.testcase.OrdinanceAcplDocCreationTest" name="logout" time="2.3"/>
</testsuite> <!-- 1 -->
