<?xml version="1.0" encoding="UTF-8"?>
<!-- Generated by org.testng.reporters.JUnitXMLReporter -->
<testsuite ignored="0" hostname="ULTS-LAP435" failures="0" tests="3" name="2" time="106.343" errors="0" timestamp="2023-04-14T18:55:06 IST">
  <testcase classname="com.ults.selenium.testcase.OrdinanceFileCreationTest" name="login" time="0.193"/>
  <testcase classname="com.ults.selenium.testcase.OrdinanceFileCreationTest" name="ordinanceAcplFileCreation" time="99.521"/>
  <testcase classname="com.ults.selenium.testcase.OrdinanceFileCreationTest" name="logout" time="2.25"/>
</testsuite> <!-- 2 -->
