<?xml version="1.0" encoding="UTF-8"?>
<!-- Generated by org.testng.reporters.JUnitXMLReporter -->
<testsuite ignored="0" hostname="ULTS-LAP435" failures="0" tests="3" name="3" time="63.985" errors="0" timestamp="2023-04-14T18:56:10 IST">
  <testcase classname="com.ults.selenium.testcase.OrdinanceFileForwardToUsTest" name="login" time="0.206"/>
  <testcase classname="com.ults.selenium.testcase.OrdinanceFileForwardToUsTest" name="AcplFileForward" time="56.111"/>
  <testcase classname="com.ults.selenium.testcase.OrdinanceFileForwardToUsTest" name="logout" time="2.247"/>
</testsuite> <!-- 3 -->
