<?xml version="1.0" encoding="UTF-8"?>
<!-- Generated by org.testng.reporters.JUnitXMLReporter -->
<testsuite ignored="0" hostname="ULTS-LAP435" failures="0" tests="3" name="4" time="78.369" errors="0" timestamp="2023-04-14T18:57:29 IST">
  <testcase classname="com.ults.selenium.testcase.OrdinanceFileApprovalByUscplTest" name="login" time="0.196"/>
  <testcase classname="com.ults.selenium.testcase.OrdinanceFileApprovalByUscplTest" name="uscplFileApproval" time="71.002"/>
  <testcase classname="com.ults.selenium.testcase.OrdinanceFileApprovalByUscplTest" name="logout" time="2.243"/>
</testsuite> <!-- 4 -->
