<?xml version="1.0" encoding="UTF-8"?>
<!-- Generated by org.testng.reporters.JUnitXMLReporter -->
<testsuite ignored="0" hostname="ULTS-LAP435" failures="0" tests="3" name="1" time="132.796" errors="0" timestamp="2023-04-14T19:19:43 IST">
  <testcase classname="com.ults.selenium.testcase.DeptDocRegTestReportWithoutDelay" name="login" time="3.248"/>
  <testcase classname="com.ults.selenium.testcase.DeptDocRegTestReportWithoutDelay" name="AcplDocRegWithDelay" time="123.225"/>
  <testcase classname="com.ults.selenium.testcase.DeptDocRegTestReportWithoutDelay" name="logout" time="2.144"/>
</testsuite> <!-- 1 -->
