<?xml version="1.0" encoding="UTF-8"?>
<!-- Generated by org.testng.reporters.JUnitXMLReporter -->
<testsuite ignored="0" hostname="ULTS-LAP435" failures="0" tests="3" name="2" time="91.717" errors="0" timestamp="2023-04-14T19:21:15 IST">
  <testcase classname="com.ults.selenium.testcase.DeptCurrentNoFetchAssign" name="login" time="3.355"/>
  <testcase classname="com.ults.selenium.testcase.DeptCurrentNoFetchAssign" name="AcplDocRegWithDelay" time="80.305"/>
  <testcase classname="com.ults.selenium.testcase.DeptCurrentNoFetchAssign" name="logout" time="2.116"/>
</testsuite> <!-- 2 -->
