<?xml version="1.0" encoding="UTF-8"?>
<!-- Generated by org.testng.reporters.JUnitXMLReporter -->
<testsuite ignored="0" hostname="ULTS-LAP435" failures="0" tests="3" name="1" time="142.614" errors="0" timestamp="2023-04-14T19:10:06 IST">
  <testcase classname="com.ults.selenium.testcase.DeptDocRegTestDelayReport" name="login" time="3.213"/>
  <testcase classname="com.ults.selenium.testcase.DeptDocRegTestDelayReport" name="AcplDocRegWithDelay" time="132.69"/>
  <testcase classname="com.ults.selenium.testcase.DeptDocRegTestDelayReport" name="logout" time="2.287"/>
</testsuite> <!-- 1 -->
