<?xml version="1.0" encoding="UTF-8"?>
<!-- Generated by org.testng.reporters.JUnitXMLReporter -->
<testsuite ignored="0" hostname="ULTS-LAP435" failures="1" tests="1" name="2" time="36.105" errors="0" timestamp="2023-02-08T17:36:17 IST">
  <testcase classname="com.ults.selenium.testcase.LanguageTranslation" name="LanguageTranslation" time="31.766">
    <failure type="java.lang.AssertionError" message="expected [true] but found [false]">
      <![CDATA[java.lang.AssertionError: expected [true] but found [false]
at com.ults.selenium.testcase.LanguageTranslation.LanguageTranslation(LanguageTranslation.java:83)
at java.base/java.util.ArrayList.forEach(ArrayList.java:1511)
at com.ults.selenium.testcase.TestRunner.main(TestRunner.java:30)
... Removed 28 stack frames]]>
    </failure>
  </testcase> <!-- LanguageTranslation -->
</testsuite> <!-- 2 -->
