<?xml version="1.0" encoding="UTF-8"?>
<!-- Generated by org.testng.reporters.JUnitXMLReporter -->
<testsuite ignored="0" hostname="ULTS-LAP435" failures="0" tests="3" name="1" time="85.173" errors="0" timestamp="2023-04-14T18:58:54 IST">
  <testcase classname="com.ults.selenium.testcase.ReportAcplDocCreationTest" name="login" time="0.163"/>
  <testcase classname="com.ults.selenium.testcase.ReportAcplDocCreationTest" name="ReportAcplDocRegWithDelay" time="77.05"/>
  <testcase classname="com.ults.selenium.testcase.ReportAcplDocCreationTest" name="logout" time="2.43"/>
</testsuite> <!-- 1 -->
