<?xml version="1.0" encoding="UTF-8"?>
<!-- Generated by org.testng.reporters.JUnitXMLReporter -->
<testsuite ignored="0" hostname="ULTS-LAP435" failures="0" tests="3" name="2" time="108.631" errors="0" timestamp="2023-04-14T19:00:43 IST">
  <testcase classname="com.ults.selenium.testcase.ReportAcplFileCreationTest" name="login" time="0.206"/>
  <testcase classname="com.ults.selenium.testcase.ReportAcplFileCreationTest" name="reportAcplFileCreation" time="101.588"/>
  <testcase classname="com.ults.selenium.testcase.ReportAcplFileCreationTest" name="logout" time="2.491"/>
</testsuite> <!-- 2 -->
