<?xml version="1.0" encoding="UTF-8"?>
<!-- Generated by org.testng.reporters.JUnitXMLReporter -->
<testsuite ignored="0" hostname="ULTS-LAP435" failures="0" tests="3" name="3" time="60.299" errors="0" timestamp="2023-04-14T19:01:43 IST">
  <testcase classname="com.ults.selenium.testcase.ReportAcplFileForwardToUsTest" name="login" time="0.191"/>
  <testcase classname="com.ults.selenium.testcase.ReportAcplFileForwardToUsTest" name="AcplFileForward" time="51.775"/>
  <testcase classname="com.ults.selenium.testcase.ReportAcplFileForwardToUsTest" name="logout" time="2.424"/>
</testsuite> <!-- 3 -->
