<?xml version="1.0" encoding="UTF-8"?>
<!-- Generated by org.testng.reporters.JUnitXMLReporter -->
<testsuite ignored="0" hostname="ULTS-LAP435" failures="0" tests="3" name="4" time="78.64" errors="0" timestamp="2023-04-14T19:03:02 IST">
  <testcase classname="com.ults.selenium.testcase.ReportFileApprovalByUscplTest" name="login" time="0.208"/>
  <testcase classname="com.ults.selenium.testcase.ReportFileApprovalByUscplTest" name="uscplFileApproval" time="71.578"/>
  <testcase classname="com.ults.selenium.testcase.ReportFileApprovalByUscplTest" name="logout" time="2.455"/>
</testsuite> <!-- 4 -->
